382
0 0 13 0
0 1 6 2
0 3 13 3
0 4 6 5
0 6 1 12
0 13 1 19
0 20 3 22
0 23 13 23
0 24 13 24
0 25 13 25
0 26 13 26
0 27 6 28
0 29 13 29
0 30 6 31
0 32 13 32
0 33 13 33
0 34 13 34
0 35 0 48
1 35 7 36
0 49 1 55
0 56 1 62
0 63 13 63
0 64 13 64
0 65 6 66
0 67 13 67
0 68 1 74
0 75 13 75
0 76 6 77
0 78 0 91
2 78 3 84
0 92 6 93
0 94 13 94
0 95 13 95
0 96 13 96
1 97 7 98
0 98 0 111
0 112 13 112
0 113 1 119
0 120 13 120
0 121 13 121
0 122 13 122
0 123 13 123
0 124 13 124
0 125 13 125
0 126 6 127
0 128 13 128
0 129 6 130
0 131 0 144
2 131 4 134
0 145 13 145
0 146 13 146
0 147 1 153
0 154 13 154
0 155 13 155
1 156 7 157
0 157 0 170
0 171 13 171
0 172 13 172
0 173 13 173
0 174 13 174
0 175 1 181
0 182 13 182
0 183 13 183
0 184 1 190
0 191 13 191
0 192 13 192
0 193 13 193
0 194 13 194
0 195 6 196
0 197 13 197
0 198 0 211
1 198 14 198
0 212 13 212
0 213 6 214
0 215 13 215
0 216 13 216
0 217 6 218
0 219 2 222
0 223 13 223
0 224 0 237
1 224 7 225
0 238 1 244
0 245 13 245
0 246 13 246
0 247 13 247
0 248 13 248
0 249 13 249
0 250 13 250
0 251 13 251
0 252 13 252
0 253 13 253
0 254 13 254
0 255 13 255
0 256 13 256
0 257 13 257
0 258 13 258
0 259 13 259
0 260 1 266
0 267 13 267
0 268 6 269
0 270 6 271
0 272 13 272
0 273 13 273
0 274 13 274
0 275 13 275
0 276 13 276
0 277 6 278
0 279 13 279
0 280 13 280
0 281 13 281
0 282 13 282
0 283 13 283
0 284 6 285
0 286 13 286
0 287 1 293
0 294 13 294
0 295 0 308
1 295 3 298
0 309 3 311
0 312 6 313
0 314 13 314
0 315 13 315
0 316 6 317
0 318 6 319
0 320 13 320
0 321 13 321
0 322 13 322
0 323 13 323
0 324 13 324
0 325 13 325
0 326 1 332
0 333 13 333
0 334 13 334
0 335 0 348
1 335 2 341
0 349 13 349
0 350 6 351
0 352 13 352
0 353 1 359
0 360 6 361
0 362 6 363
0 364 13 364
0 365 6 366
0 367 13 367
0 368 13 368
0 369 13 369
0 370 13 370
0 371 13 371
0 372 13 372
0 373 13 373
0 374 1 380
0 381 13 381
0 382 6 383
0 384 1 390
0 391 1 397
0 398 13 398
0 399 13 399
0 400 13 400
0 401 1 407
0 408 6 409
0 410 6 411
0 412 13 412
0 413 13 413
0 414 13 414
0 415 13 415
0 416 6 417
0 418 1 424
0 425 1 431
0 432 13 432
0 433 3 435
0 436 13 436
0 437 13 437
0 438 13 438
0 439 13 439
0 440 6 441
1 442 2 448
0 448 0 461
0 462 13 462
0 463 13 463
0 464 13 464
0 465 6 466
0 467 1 473
0 474 13 474
0 475 13 475
0 476 1 482
0 483 6 484
0 485 13 485
0 486 1 492
0 493 13 493
0 494 13 494
0 495 6 496
0 497 1 503
0 504 6 505
0 506 6 507
0 508 1 514
0 515 13 515
0 516 13 516
0 517 13 517
0 518 13 518
0 519 13 519
0 520 13 520
0 521 1 527
0 528 1 534
0 535 6 536
0 537 13 537
0 538 13 538
0 539 13 539
0 540 6 541
0 542 1 548
0 549 13 549
0 550 13 550
0 551 13 551
0 552 13 552
0 553 13 553
0 554 13 554
0 555 1 561
0 562 13 562
0 563 13 563
0 564 13 564
0 565 6 566
0 567 13 567
0 568 13 568
0 569 13 569
0 570 13 570
0 571 6 572
0 573 6 574
0 575 13 575
0 576 1 582
0 583 0 596
1 583 7 584
0 597 6 598
0 599 6 600
0 601 13 601
0 602 6 603
0 604 13 604
0 605 13 605
0 606 1 612
0 613 13 613
0 614 13 614
0 615 13 615
0 616 13 616
0 617 6 618
0 619 13 619
0 620 13 620
1 621 2 627
0 628 13 628
0 629 13 629
0 630 1 636
0 637 13 637
0 638 13 638
0 639 13 639
0 640 13 640
0 641 13 641
0 642 13 642
0 643 13 643
0 644 6 645
0 646 13 646
0 647 13 647
0 648 13 648
0 649 6 650
0 651 13 651
0 652 6 653
0 654 6 655
0 656 6 657
0 658 1 664
0 665 6 666
0 667 13 667
0 668 6 669
0 670 13 670
0 671 13 671
0 672 6 673
0 674 13 674
0 675 13 675
0 676 6 677
0 678 13 678
0 679 13 679
0 680 6 681
0 682 0 695
1 682 14 682
0 696 1 702
0 703 6 704
0 705 6 706
0 707 6 708
0 709 6 710
0 711 13 711
0 712 13 712
0 713 13 713
0 714 13 714
0 715 13 715
0 716 13 716
0 717 1 723
0 724 6 725
0 726 0 739
1 726 1 739
2 726 3 732
0 740 13 740
0 741 13 741
0 742 13 742
0 743 6 744
0 745 1 751
0 752 6 753
0 754 1 760
0 761 13 761
0 762 6 763
0 764 13 764
0 765 6 766
0 767 6 768
0 769 6 770
0 771 13 771
0 772 13 772
0 773 6 774
0 775 6 776
0 777 13 777
0 778 1 784
0 785 13 785
0 786 1 792
0 793 6 794
0 795 6 796
0 797 0 810
1 797 2 803
0 811 1 817
0 818 13 818
0 819 13 819
2 820 3 826
0 824 0 837
0 838 13 838
0 839 13 839
0 840 6 841
0 842 13 842
0 843 1 849
1 850 2 856
0 851 0 864
0 865 13 865
0 866 0 879
1 866 2 872
0 880 13 880
0 881 13 881
0 882 1 888
0 889 13 889
0 890 0 903
1 890 2 896
0 904 6 905
0 906 13 906
0 907 13 907
0 908 13 908
0 909 6 910
0 911 13 911
0 912 13 912
0 913 6 914
0 915 6 916
1 917 7 918
0 919 6 920
0 921 6 922
0 923 13 923
0 924 13 924
0 925 6 926
0 927 13 927
0 928 1 934
2 935 3 941
1 937 1 950
0 951 13 951
1 952 1 965
2 952 8 953
0 953 0 966
0 967 6 968
0 969 13 969
0 970 13 970
0 971 13 971
0 972 1 978
0 979 13 979
0 980 13 980
0 981 13 981
0 982 1 988
0 989 13 989
0 990 13 990
0 991 6 992
0 993 13 993
0 994 6 995
0 996 13 996
0 997 13 997
0 998 13 998
0 999 13 999
